<?xml version="1.0" encoding="UTF-8" standalone="no"?>
<!DOCTYPE log SYSTEM "logger.dtd">
<log>
<record>
  <date>2018-09-13T14:16:13.730-0300</date>
  <logger>JOAO CARLOS FERNANDES BERNARDO</logger>
  <level>FINE</level>
  <message>File 117211398-JOAO CARLOS FERNANDES BERNARDO.zip was received. It was sent by JOAO CARLOS FERNANDES BERNARDO from IP 150.165.42.155</message>
</record>
</log>
<?xml version="1.0" encoding="UTF-8" standalone="no"?>
<!DOCTYPE log SYSTEM "logger.dtd">
<log>
<record>
  <date>2018-09-13T15:09:13.456-0300</date>
  <logger>JOAO CARLOS FERNANDES BERNARDO</logger>
  <level>FINE</level>
  <message>File 117211398-JOAO CARLOS FERNANDES BERNARDO.zip was received. It was sent by JOAO CARLOS FERNANDES BERNARDO from IP 150.165.42.155</message>
</record>
</log>
<?xml version="1.0" encoding="UTF-8" standalone="no"?>
<!DOCTYPE log SYSTEM "logger.dtd">
<log>
<record>
  <date>2018-09-13T22:43:17.417-0300</date>
  <logger>JOAO CARLOS FERNANDES BERNARDO</logger>
  <level>FINE</level>
  <message>File 117211398-JOAO CARLOS FERNANDES BERNARDO.zip was received. It was sent by JOAO CARLOS FERNANDES BERNARDO from IP 192.168.25.16</message>
</record>
