<?xml version="1.0" encoding="UTF-8" standalone="no"?>
<!DOCTYPE log SYSTEM "logger.dtd">
<log>
<record>
  <date>2017-11-13T14:05:39.753-0300</date>
  <logger>JOAO CARLOS FERNANDES BERNARDO</logger>
  <level>FINE</level>
  <message>File 117211398-JOAO CARLOS FERNANDES BERNARDO.zip was received. It was sent by JOAO CARLOS FERNANDES BERNARDO from IP 150.165.42.106</message>
</record>
</log>
<?xml version="1.0" encoding="UTF-8" standalone="no"?>
<!DOCTYPE log SYSTEM "logger.dtd">
<log>
<record>
  <date>2017-11-13T14:27:30.355-0300</date>
  <logger>JOAO CARLOS FERNANDES BERNARDO</logger>
  <level>FINE</level>
  <message>File 117211398-JOAO CARLOS FERNANDES BERNARDO.zip was received. It was sent by JOAO CARLOS FERNANDES BERNARDO from IP 150.165.42.106</message>
</record>
</log>
<?xml version="1.0" encoding="UTF-8" standalone="no"?>
<!DOCTYPE log SYSTEM "logger.dtd">
<log>
<record>
  <date>2017-11-13T14:46:32.301-0300</date>
  <logger>JOAO CARLOS FERNANDES BERNARDO</logger>
  <level>FINE</level>
  <message>File 117211398-JOAO CARLOS FERNANDES BERNARDO.zip was received. It was sent by JOAO CARLOS FERNANDES BERNARDO from IP 150.165.42.106</message>
</record>
</log>
<?xml version="1.0" encoding="UTF-8" standalone="no"?>
<!DOCTYPE log SYSTEM "logger.dtd">
<log>
<record>
  <date>2017-11-13T15:25:47.356-0300</date>
  <logger>JOAO CARLOS FERNANDES BERNARDO</logger>
  <level>FINE</level>
  <message>File 117211398-JOAO CARLOS FERNANDES BERNARDO.zip was received. It was sent by JOAO CARLOS FERNANDES BERNARDO from IP 150.165.42.106</message>
</record>
</log>
<?xml version="1.0" encoding="UTF-8" standalone="no"?>
<!DOCTYPE log SYSTEM "logger.dtd">
<log>
<record>
  <date>2017-11-13T15:38:31.799-0300</date>
  <logger>JOAO CARLOS FERNANDES BERNARDO</logger>
  <level>FINE</level>
  <message>File 117211398-JOAO CARLOS FERNANDES BERNARDO.zip was received. It was sent by JOAO CARLOS FERNANDES BERNARDO from IP 150.165.42.106</message>
</record>
</log>
<?xml version="1.0" encoding="UTF-8" standalone="no"?>
<!DOCTYPE log SYSTEM "logger.dtd">
<log>
<record>
  <date>2017-11-13T15:49:50.818-0300</date>
  <logger>JOAO CARLOS FERNANDES BERNARDO</logger>
  <level>FINE</level>
  <message>File 117211398-JOAO CARLOS FERNANDES BERNARDO.zip was received. It was sent by JOAO CARLOS FERNANDES BERNARDO from IP 150.165.42.106</message>
</record>
