2018-10-25 11:02:34,318 [Worker-4: Loading available Gradle versions] INFO  c.g.t.t.d.PublishedGradleVersions - Gradle version information cache is up-to-date. Trying to read.
2018-10-25 11:06:18,160 [Worker-7: Importing Maven projects] INFO  o.e.m.c.i.l.LifecycleMappingFactory - Using org.eclipse.m2e.jdt.JarLifecycleMapping lifecycle mapping for MavenProject: br.edu.ufcg.ccc:submission:1.0 @ /home/joaocfb/provapratica2/PP2-02-Prova-StackParenthesis-environment/pom.xml.
2018-10-25 11:06:22,426 [Worker-7: Importing Maven projects] INFO  o.e.m.j.i.AbstractJavaProjectConfigurator - Adding source folder /PP2-02-Prova-StackParenthesis-environment/src/main/java
2018-10-25 11:06:22,429 [Worker-7: Importing Maven projects] INFO  o.e.m.j.i.AbstractJavaProjectConfigurator - Adding source folder /PP2-02-Prova-StackParenthesis-environment/src/test/java
2018-10-25 11:06:23,905 [Worker-7: Importing Maven projects] INFO  o.e.m.c.i.p.ProjectConfigurationManager - Imported and configured 1 project(s) in 20 sec
2018-10-25 11:06:25,344 [Worker-19: Building workspace] WARN  o.e.m.c.i.embedder.EclipseLogger - Using platform encoding (UTF-8 actually) to copy filtered resources, i.e. build is platform dependent!
2018-10-25 11:06:25,369 [Worker-19: Building workspace] INFO  o.e.m.c.i.embedder.EclipseLogger - skip non existing resourceDirectory /home/joaocfb/provapratica2/PP2-02-Prova-StackParenthesis-environment/src/main/resources
2018-10-25 11:06:25,374 [Worker-19: Building workspace] WARN  o.e.m.c.i.embedder.EclipseLogger - Using platform encoding (UTF-8 actually) to copy filtered resources, i.e. build is platform dependent!
2018-10-25 11:06:25,376 [Worker-19: Building workspace] INFO  o.e.m.c.i.embedder.EclipseLogger - skip non existing resourceDirectory /home/joaocfb/provapratica2/PP2-02-Prova-StackParenthesis-environment/src/test/resources
2018-10-25 11:07:41,033 [Worker-7: Building workspace] INFO  o.e.m.c.i.l.LifecycleMappingFactory - Using org.eclipse.m2e.jdt.JarLifecycleMapping lifecycle mapping for MavenProject: br.edu.ufcg.ccc:submission:1.0 @ /home/joaocfb/provapratica2/PP2-02-Prova-StackParenthesis-environment/pom.xml.
2018-10-25 11:07:41,537 [Worker-7: Building workspace] WARN  o.e.m.c.i.embedder.EclipseLogger - Using platform encoding (UTF-8 actually) to copy filtered resources, i.e. build is platform dependent!
2018-10-25 11:07:41,539 [Worker-7: Building workspace] INFO  o.e.m.c.i.embedder.EclipseLogger - skip non existing resourceDirectory /home/joaocfb/provapratica2/PP2-02-Prova-StackParenthesis-environment/src/main/resources
2018-10-25 11:07:41,546 [Worker-7: Building workspace] WARN  o.e.m.c.i.embedder.EclipseLogger - Using platform encoding (UTF-8 actually) to copy filtered resources, i.e. build is platform dependent!
2018-10-25 11:07:41,548 [Worker-7: Building workspace] INFO  o.e.m.c.i.embedder.EclipseLogger - skip non existing resourceDirectory /home/joaocfb/provapratica2/PP2-02-Prova-StackParenthesis-environment/src/test/resources
2018-10-25 11:22:49,083 [Worker-22: Building workspace] WARN  o.e.m.c.i.embedder.EclipseLogger - Using platform encoding (UTF-8 actually) to copy filtered resources, i.e. build is platform dependent!
2018-10-25 11:22:49,087 [Worker-22: Building workspace] INFO  o.e.m.c.i.embedder.EclipseLogger - skip non existing resourceDirectory /home/joaocfb/provapratica2/PP2-02-Prova-StackParenthesis-environment/src/main/resources
2018-10-25 11:22:49,107 [Worker-22: Building workspace] WARN  o.e.m.c.i.embedder.EclipseLogger - Using platform encoding (UTF-8 actually) to copy filtered resources, i.e. build is platform dependent!
2018-10-25 11:22:49,109 [Worker-22: Building workspace] INFO  o.e.m.c.i.embedder.EclipseLogger - skip non existing resourceDirectory /home/joaocfb/provapratica2/PP2-02-Prova-StackParenthesis-environment/src/test/resources
2018-10-25 11:22:54,658 [main] INFO  o.e.m2e.actions.ExecutePomAction - Creating new launch configuration
2018-10-25 11:23:01,467 [Worker-25: Launching PP2-02-Prova-StackParenthesis-environment] INFO  o.e.m.i.launch.MavenLaunchDelegate - /home/joaocfb/provapratica2/PP2-02-Prova-StackParenthesis-environment
2018-10-25 11:23:01,468 [Worker-25: Launching PP2-02-Prova-StackParenthesis-environment] INFO  o.e.m.i.launch.MavenLaunchDelegate -  mvn -B -Dmaven.test.skip=true -DskipTests install
2018-10-25 11:26:23,998 [Worker-25: Building workspace] WARN  o.e.m.c.i.embedder.EclipseLogger - Using platform encoding (UTF-8 actually) to copy filtered resources, i.e. build is platform dependent!
2018-10-25 11:26:24,001 [Worker-25: Building workspace] INFO  o.e.m.c.i.embedder.EclipseLogger - skip non existing resourceDirectory /home/joaocfb/provapratica2/PP2-02-Prova-StackParenthesis-environment/src/main/resources
2018-10-25 11:26:24,004 [Worker-25: Building workspace] WARN  o.e.m.c.i.embedder.EclipseLogger - Using platform encoding (UTF-8 actually) to copy filtered resources, i.e. build is platform dependent!
2018-10-25 11:26:24,007 [Worker-25: Building workspace] INFO  o.e.m.c.i.embedder.EclipseLogger - skip non existing resourceDirectory /home/joaocfb/provapratica2/PP2-02-Prova-StackParenthesis-environment/src/test/resources
2018-10-25 11:26:25,087 [Worker-16: Building workspace] WARN  o.e.m.c.i.embedder.EclipseLogger - Using platform encoding (UTF-8 actually) to copy filtered resources, i.e. build is platform dependent!
2018-10-25 11:26:25,090 [Worker-16: Building workspace] INFO  o.e.m.c.i.embedder.EclipseLogger - skip non existing resourceDirectory /home/joaocfb/provapratica2/PP2-02-Prova-StackParenthesis-environment/src/main/resources
2018-10-25 11:26:25,092 [Worker-16: Building workspace] WARN  o.e.m.c.i.embedder.EclipseLogger - Using platform encoding (UTF-8 actually) to copy filtered resources, i.e. build is platform dependent!
2018-10-25 11:26:25,096 [Worker-16: Building workspace] INFO  o.e.m.c.i.embedder.EclipseLogger - skip non existing resourceDirectory /home/joaocfb/provapratica2/PP2-02-Prova-StackParenthesis-environment/src/test/resources
2018-10-25 11:31:41,717 [Worker-29: Building workspace] WARN  o.e.m.c.i.embedder.EclipseLogger - Using platform encoding (UTF-8 actually) to copy filtered resources, i.e. build is platform dependent!
2018-10-25 11:31:41,720 [Worker-29: Building workspace] INFO  o.e.m.c.i.embedder.EclipseLogger - skip non existing resourceDirectory /home/joaocfb/provapratica2/PP2-02-Prova-StackParenthesis-environment/src/main/resources
2018-10-25 11:31:41,722 [Worker-29: Building workspace] WARN  o.e.m.c.i.embedder.EclipseLogger - Using platform encoding (UTF-8 actually) to copy filtered resources, i.e. build is platform dependent!
2018-10-25 11:31:41,724 [Worker-29: Building workspace] INFO  o.e.m.c.i.embedder.EclipseLogger - skip non existing resourceDirectory /home/joaocfb/provapratica2/PP2-02-Prova-StackParenthesis-environment/src/test/resources
2018-10-25 11:54:19,573 [Worker-37: Building workspace] WARN  o.e.m.c.i.embedder.EclipseLogger - Using platform encoding (UTF-8 actually) to copy filtered resources, i.e. build is platform dependent!
2018-10-25 11:54:19,575 [Worker-37: Building workspace] INFO  o.e.m.c.i.embedder.EclipseLogger - skip non existing resourceDirectory /home/joaocfb/provapratica2/PP2-02-Prova-StackParenthesis-environment/src/main/resources
2018-10-25 11:54:19,577 [Worker-37: Building workspace] WARN  o.e.m.c.i.embedder.EclipseLogger - Using platform encoding (UTF-8 actually) to copy filtered resources, i.e. build is platform dependent!
2018-10-25 11:54:19,595 [Worker-37: Building workspace] INFO  o.e.m.c.i.embedder.EclipseLogger - skip non existing resourceDirectory /home/joaocfb/provapratica2/PP2-02-Prova-StackParenthesis-environment/src/test/resources
2018-10-25 11:55:28,214 [Worker-37: Building workspace] WARN  o.e.m.c.i.embedder.EclipseLogger - Using platform encoding (UTF-8 actually) to copy filtered resources, i.e. build is platform dependent!
2018-10-25 11:55:28,220 [Worker-37: Building workspace] INFO  o.e.m.c.i.embedder.EclipseLogger - skip non existing resourceDirectory /home/joaocfb/provapratica2/PP2-02-Prova-StackParenthesis-environment/src/main/resources
2018-10-25 11:55:28,223 [Worker-37: Building workspace] WARN  o.e.m.c.i.embedder.EclipseLogger - Using platform encoding (UTF-8 actually) to copy filtered resources, i.e. build is platform dependent!
2018-10-25 11:55:28,226 [Worker-37: Building workspace] INFO  o.e.m.c.i.embedder.EclipseLogger - skip non existing resourceDirectory /home/joaocfb/provapratica2/PP2-02-Prova-StackParenthesis-environment/src/test/resources
2018-10-25 12:12:06,226 [Worker-45: Building workspace] WARN  o.e.m.c.i.embedder.EclipseLogger - Using platform encoding (UTF-8 actually) to copy filtered resources, i.e. build is platform dependent!
2018-10-25 12:12:06,228 [Worker-45: Building workspace] INFO  o.e.m.c.i.embedder.EclipseLogger - skip non existing resourceDirectory /home/joaocfb/provapratica2/PP2-02-Prova-StackParenthesis-environment/src/main/resources
2018-10-25 12:12:06,232 [Worker-45: Building workspace] WARN  o.e.m.c.i.embedder.EclipseLogger - Using platform encoding (UTF-8 actually) to copy filtered resources, i.e. build is platform dependent!
2018-10-25 12:12:06,234 [Worker-45: Building workspace] INFO  o.e.m.c.i.embedder.EclipseLogger - skip non existing resourceDirectory /home/joaocfb/provapratica2/PP2-02-Prova-StackParenthesis-environment/src/test/resources
2018-10-25 12:45:11,817 [Worker-59: Building workspace] WARN  o.e.m.c.i.embedder.EclipseLogger - Using platform encoding (UTF-8 actually) to copy filtered resources, i.e. build is platform dependent!
2018-10-25 12:45:11,819 [Worker-59: Building workspace] INFO  o.e.m.c.i.embedder.EclipseLogger - skip non existing resourceDirectory /home/joaocfb/provapratica2/PP2-02-Prova-StackParenthesis-environment/src/main/resources
2018-10-25 12:45:11,821 [Worker-59: Building workspace] WARN  o.e.m.c.i.embedder.EclipseLogger - Using platform encoding (UTF-8 actually) to copy filtered resources, i.e. build is platform dependent!
2018-10-25 12:45:11,823 [Worker-59: Building workspace] INFO  o.e.m.c.i.embedder.EclipseLogger - skip non existing resourceDirectory /home/joaocfb/provapratica2/PP2-02-Prova-StackParenthesis-environment/src/test/resources
2018-10-25 12:45:43,506 [main] INFO  o.e.m2e.actions.ExecutePomAction - Creating new launch configuration
2018-10-25 12:45:48,915 [Worker-59: Launching PP2-02-Prova-StackParenthesis-environment (1)] INFO  o.e.m.i.launch.MavenLaunchDelegate - /home/joaocfb/provapratica2/PP2-02-Prova-StackParenthesis-environment
2018-10-25 12:45:48,916 [Worker-59: Launching PP2-02-Prova-StackParenthesis-environment (1)] INFO  o.e.m.i.launch.MavenLaunchDelegate -  mvn -B -Dmaven.test.skip=true -DskipTests install
2018-10-25 12:48:02,317 [Worker-58: Building workspace] WARN  o.e.m.c.i.embedder.EclipseLogger - Using platform encoding (UTF-8 actually) to copy filtered resources, i.e. build is platform dependent!
2018-10-25 12:48:02,320 [Worker-58: Building workspace] INFO  o.e.m.c.i.embedder.EclipseLogger - skip non existing resourceDirectory /home/joaocfb/provapratica2/PP2-02-Prova-StackParenthesis-environment/src/main/resources
2018-10-25 12:48:02,336 [Worker-58: Building workspace] WARN  o.e.m.c.i.embedder.EclipseLogger - Using platform encoding (UTF-8 actually) to copy filtered resources, i.e. build is platform dependent!
2018-10-25 12:48:02,338 [Worker-58: Building workspace] INFO  o.e.m.c.i.embedder.EclipseLogger - skip non existing resourceDirectory /home/joaocfb/provapratica2/PP2-02-Prova-StackParenthesis-environment/src/test/resources
2018-10-25 12:48:07,793 [main] INFO  o.e.m2e.actions.ExecutePomAction - Creating new launch configuration
2018-10-25 12:48:12,416 [Worker-59: Launching PP2-02-Prova-StackParenthesis-environment (2)] INFO  o.e.m.i.launch.MavenLaunchDelegate - /home/joaocfb/provapratica2/PP2-02-Prova-StackParenthesis-environment
2018-10-25 12:48:12,416 [Worker-59: Launching PP2-02-Prova-StackParenthesis-environment (2)] INFO  o.e.m.i.launch.MavenLaunchDelegate -  mvn -B -Dmaven.test.skip=true -DskipTests install
2018-10-25 12:49:47,225 [Worker-60: Building workspace] WARN  o.e.m.c.i.embedder.EclipseLogger - Using platform encoding (UTF-8 actually) to copy filtered resources, i.e. build is platform dependent!
2018-10-25 12:49:47,228 [Worker-60: Building workspace] INFO  o.e.m.c.i.embedder.EclipseLogger - skip non existing resourceDirectory /home/joaocfb/provapratica2/PP2-02-Prova-StackParenthesis-environment/src/main/resources
2018-10-25 12:49:47,230 [Worker-60: Building workspace] WARN  o.e.m.c.i.embedder.EclipseLogger - Using platform encoding (UTF-8 actually) to copy filtered resources, i.e. build is platform dependent!
2018-10-25 12:49:47,233 [Worker-60: Building workspace] INFO  o.e.m.c.i.embedder.EclipseLogger - skip non existing resourceDirectory /home/joaocfb/provapratica2/PP2-02-Prova-StackParenthesis-environment/src/test/resources
2018-10-25 12:49:52,190 [main] INFO  o.e.m2e.actions.ExecutePomAction - Creating new launch configuration
2018-10-25 12:49:57,303 [Worker-59: Launching PP2-02-Prova-StackParenthesis-environment (3)] INFO  o.e.m.i.launch.MavenLaunchDelegate - /home/joaocfb/provapratica2/PP2-02-Prova-StackParenthesis-environment
2018-10-25 12:49:57,304 [Worker-59: Launching PP2-02-Prova-StackParenthesis-environment (3)] INFO  o.e.m.i.launch.MavenLaunchDelegate -  mvn -B -Dmaven.test.skip=true -DskipTests install
2018-10-25 12:50:22,835 [Worker-53: Launching PP2-02-Prova-StackParenthesis-environment (3)] INFO  o.e.m.i.launch.MavenLaunchDelegate - /home/joaocfb/provapratica2/PP2-02-Prova-StackParenthesis-environment
2018-10-25 12:50:22,836 [Worker-53: Launching PP2-02-Prova-StackParenthesis-environment (3)] INFO  o.e.m.i.launch.MavenLaunchDelegate -  mvn -B -Dmaven.test.skip=true -DskipTests install
2018-10-25 12:50:22,837 [Worker-53: Launching PP2-02-Prova-StackParenthesis-environment (3)] WARN  o.e.m.i.l.MavenLaunchExtensionsSupport - Unknown or unsupported source locator org.eclipse.jdt.internal.launching.sourcelookup.advanced.AdvancedSourceLookupDirector
2018-11-29 14:10:56,839 [Worker-4: Building workspace] WARN  o.e.m.c.i.embedder.EclipseLogger - Using platform encoding (UTF-8 actually) to copy filtered resources, i.e. build is platform dependent!
2018-11-29 14:10:56,859 [Worker-4: Building workspace] INFO  o.e.m.c.i.embedder.EclipseLogger - skip non existing resourceDirectory /home/joaocfb/provapratica2/PP2-02-Prova-StackParenthesis-environment/src/main/resources
2018-11-29 14:10:56,863 [Worker-4: Building workspace] WARN  o.e.m.c.i.embedder.EclipseLogger - Using platform encoding (UTF-8 actually) to copy filtered resources, i.e. build is platform dependent!
2018-11-29 14:10:56,866 [Worker-4: Building workspace] INFO  o.e.m.c.i.embedder.EclipseLogger - skip non existing resourceDirectory /home/joaocfb/provapratica2/PP2-02-Prova-StackParenthesis-environment/src/test/resources
