<?xml version="1.0" encoding="UTF-8" standalone="no"?>
<!DOCTYPE log SYSTEM "logger.dtd">
<log>
<record>
  <date>2018-10-15T16:08:41.664-0300</date>
  <logger>JOAO CARLOS FERNANDES BERNARDO</logger>
  <level>FINE</level>
  <message>File 117211398-JOAO CARLOS FERNANDES BERNARDO.zip was received. It was sent by JOAO CARLOS FERNANDES BERNARDO from IP 192.168.0.101</message>
</record>
</log>
<?xml version="1.0" encoding="UTF-8" standalone="no"?>
<!DOCTYPE log SYSTEM "logger.dtd">
<log>
<record>
  <date>2018-10-15T21:22:55.162-0300</date>
  <logger>JOAO CARLOS FERNANDES BERNARDO</logger>
  <level>FINE</level>
  <message>File 117211398-JOAO CARLOS FERNANDES BERNARDO.zip was received. It was sent by JOAO CARLOS FERNANDES BERNARDO from IP 192.168.0.101</message>
</record>
</log>
<?xml version="1.0" encoding="UTF-8" standalone="no"?>
<!DOCTYPE log SYSTEM "logger.dtd">
<log>
<record>
  <date>2018-10-15T23:26:13.051-0300</date>
  <logger>JOAO CARLOS FERNANDES BERNARDO</logger>
  <level>FINE</level>
  <message>File 117211398-JOAO CARLOS FERNANDES BERNARDO.zip was received. It was sent by JOAO CARLOS FERNANDES BERNARDO from IP 192.168.0.101</message>
</record>
</log>
<?xml version="1.0" encoding="UTF-8" standalone="no"?>
<!DOCTYPE log SYSTEM "logger.dtd">
<log>
<record>
  <date>2018-10-16T00:26:18.992-0300</date>
  <logger>JOAO CARLOS FERNANDES BERNARDO</logger>
  <level>FINE</level>
  <message>File 117211398-JOAO CARLOS FERNANDES BERNARDO.zip was received. It was sent by JOAO CARLOS FERNANDES BERNARDO from IP 192.168.0.101</message>
</record>
