2018-12-06 14:04:45,599 [Worker-3: Loading available Gradle versions] INFO  c.g.t.t.d.PublishedGradleVersions - Gradle version information cache is out-of-date. Trying to update.
2018-12-06 14:05:19,857 [Worker-8: Importing Maven projects] INFO  o.e.m.c.i.l.LifecycleMappingFactory - Using org.eclipse.m2e.jdt.JarLifecycleMapping lifecycle mapping for MavenProject: br.edu.ufcg.ccc:submission:1.0 @ /home/joaocfb/Downloads/reposicao1/PR1-02-Prova-ClosestBinarySearch-environment/pom.xml.
2018-12-06 14:05:23,008 [Worker-8: Importing Maven projects] INFO  o.e.m.j.i.AbstractJavaProjectConfigurator - Adding source folder /submission/src/main/java
2018-12-06 14:05:23,010 [Worker-8: Importing Maven projects] INFO  o.e.m.j.i.AbstractJavaProjectConfigurator - Adding source folder /submission/src/test/java
2018-12-06 14:05:24,384 [Worker-8: Importing Maven projects] INFO  o.e.m.c.i.p.ProjectConfigurationManager - Imported and configured 1 project(s) in 8 sec
2018-12-06 14:05:25,408 [Worker-3: Building workspace] WARN  o.e.m.c.i.embedder.EclipseLogger - Using platform encoding (UTF-8 actually) to copy filtered resources, i.e. build is platform dependent!
2018-12-06 14:05:25,426 [Worker-3: Building workspace] INFO  o.e.m.c.i.embedder.EclipseLogger - skip non existing resourceDirectory /home/joaocfb/Downloads/reposicao1/PR1-02-Prova-ClosestBinarySearch-environment/src/main/resources
2018-12-06 14:05:25,430 [Worker-3: Building workspace] WARN  o.e.m.c.i.embedder.EclipseLogger - Using platform encoding (UTF-8 actually) to copy filtered resources, i.e. build is platform dependent!
2018-12-06 14:05:25,432 [Worker-3: Building workspace] INFO  o.e.m.c.i.embedder.EclipseLogger - skip non existing resourceDirectory /home/joaocfb/Downloads/reposicao1/PR1-02-Prova-ClosestBinarySearch-environment/src/test/resources
2018-12-06 14:29:16,190 [Worker-4: Building workspace] INFO  o.e.m.c.i.l.LifecycleMappingFactory - Using org.eclipse.m2e.jdt.JarLifecycleMapping lifecycle mapping for MavenProject: br.edu.ufcg.ccc:submission:1.0 @ /home/joaocfb/Downloads/reposicao1/PR1-02-Prova-ClosestBinarySearch-environment/pom.xml.
2018-12-06 14:29:16,714 [Worker-4: Building workspace] WARN  o.e.m.c.i.embedder.EclipseLogger - Using platform encoding (UTF-8 actually) to copy filtered resources, i.e. build is platform dependent!
2018-12-06 14:29:16,717 [Worker-4: Building workspace] INFO  o.e.m.c.i.embedder.EclipseLogger - skip non existing resourceDirectory /home/joaocfb/Downloads/reposicao1/PR1-02-Prova-ClosestBinarySearch-environment/src/main/resources
2018-12-06 14:29:16,721 [Worker-4: Building workspace] WARN  o.e.m.c.i.embedder.EclipseLogger - Using platform encoding (UTF-8 actually) to copy filtered resources, i.e. build is platform dependent!
2018-12-06 14:29:16,726 [Worker-4: Building workspace] INFO  o.e.m.c.i.embedder.EclipseLogger - skip non existing resourceDirectory /home/joaocfb/Downloads/reposicao1/PR1-02-Prova-ClosestBinarySearch-environment/src/test/resources
2018-12-06 14:29:18,312 [Worker-16: Building workspace] WARN  o.e.m.c.i.embedder.EclipseLogger - Using platform encoding (UTF-8 actually) to copy filtered resources, i.e. build is platform dependent!
2018-12-06 14:29:18,313 [Worker-16: Building workspace] INFO  o.e.m.c.i.embedder.EclipseLogger - skip non existing resourceDirectory /home/joaocfb/Downloads/reposicao1/PR1-02-Prova-ClosestBinarySearch-environment/src/main/resources
2018-12-06 14:29:18,316 [Worker-16: Building workspace] WARN  o.e.m.c.i.embedder.EclipseLogger - Using platform encoding (UTF-8 actually) to copy filtered resources, i.e. build is platform dependent!
2018-12-06 14:29:18,318 [Worker-16: Building workspace] INFO  o.e.m.c.i.embedder.EclipseLogger - skip non existing resourceDirectory /home/joaocfb/Downloads/reposicao1/PR1-02-Prova-ClosestBinarySearch-environment/src/test/resources
2018-12-06 14:29:22,577 [main] INFO  o.e.m2e.actions.ExecutePomAction - Creating new launch configuration
2018-12-06 14:29:33,888 [Worker-6: Launching PR1-02-Prova-ClosestBinarySearch-environment] INFO  o.e.m.i.launch.MavenLaunchDelegate - /home/joaocfb/Downloads/reposicao1/PR1-02-Prova-ClosestBinarySearch-environment
2018-12-06 14:29:33,890 [Worker-6: Launching PR1-02-Prova-ClosestBinarySearch-environment] INFO  o.e.m.i.launch.MavenLaunchDelegate -  mvn -B -Dmaven.test.skip=true -DskipTests install
2018-12-06 14:30:04,513 [Worker-2: Building workspace] WARN  o.e.m.c.i.embedder.EclipseLogger - Using platform encoding (UTF-8 actually) to copy filtered resources, i.e. build is platform dependent!
2018-12-06 14:30:04,516 [Worker-2: Building workspace] INFO  o.e.m.c.i.embedder.EclipseLogger - skip non existing resourceDirectory /home/joaocfb/Downloads/reposicao1/PR1-02-Prova-ClosestBinarySearch-environment/src/main/resources
2018-12-06 14:30:04,521 [Worker-2: Building workspace] WARN  o.e.m.c.i.embedder.EclipseLogger - Using platform encoding (UTF-8 actually) to copy filtered resources, i.e. build is platform dependent!
2018-12-06 14:30:04,523 [Worker-2: Building workspace] INFO  o.e.m.c.i.embedder.EclipseLogger - skip non existing resourceDirectory /home/joaocfb/Downloads/reposicao1/PR1-02-Prova-ClosestBinarySearch-environment/src/test/resources
2018-12-06 14:30:06,657 [Worker-2: Building workspace] WARN  o.e.m.c.i.embedder.EclipseLogger - Using platform encoding (UTF-8 actually) to copy filtered resources, i.e. build is platform dependent!
2018-12-06 14:30:06,659 [Worker-2: Building workspace] INFO  o.e.m.c.i.embedder.EclipseLogger - skip non existing resourceDirectory /home/joaocfb/Downloads/reposicao1/PR1-02-Prova-ClosestBinarySearch-environment/src/main/resources
2018-12-06 14:30:06,662 [Worker-2: Building workspace] WARN  o.e.m.c.i.embedder.EclipseLogger - Using platform encoding (UTF-8 actually) to copy filtered resources, i.e. build is platform dependent!
2018-12-06 14:30:06,664 [Worker-2: Building workspace] INFO  o.e.m.c.i.embedder.EclipseLogger - skip non existing resourceDirectory /home/joaocfb/Downloads/reposicao1/PR1-02-Prova-ClosestBinarySearch-environment/src/test/resources
2018-12-06 14:30:08,808 [main] INFO  o.e.m2e.actions.ExecutePomAction - Creating new launch configuration
2018-12-06 14:30:13,960 [Worker-4: Launching PR1-02-Prova-ClosestBinarySearch-environment (1)] INFO  o.e.m.i.launch.MavenLaunchDelegate - /home/joaocfb/Downloads/reposicao1/PR1-02-Prova-ClosestBinarySearch-environment
2018-12-06 14:30:13,961 [Worker-4: Launching PR1-02-Prova-ClosestBinarySearch-environment (1)] INFO  o.e.m.i.launch.MavenLaunchDelegate -  mvn -B -Dmaven.test.skip=true -DskipTests install
2018-12-06 14:47:03,431 [Worker-6: Building workspace] WARN  o.e.m.c.i.embedder.EclipseLogger - Using platform encoding (UTF-8 actually) to copy filtered resources, i.e. build is platform dependent!
2018-12-06 14:47:03,433 [Worker-6: Building workspace] INFO  o.e.m.c.i.embedder.EclipseLogger - skip non existing resourceDirectory /home/joaocfb/Downloads/reposicao1/PR1-02-Prova-ClosestBinarySearch-environment/src/main/resources
2018-12-06 14:47:03,436 [Worker-6: Building workspace] WARN  o.e.m.c.i.embedder.EclipseLogger - Using platform encoding (UTF-8 actually) to copy filtered resources, i.e. build is platform dependent!
2018-12-06 14:47:03,438 [Worker-6: Building workspace] INFO  o.e.m.c.i.embedder.EclipseLogger - skip non existing resourceDirectory /home/joaocfb/Downloads/reposicao1/PR1-02-Prova-ClosestBinarySearch-environment/src/test/resources
2018-12-06 14:47:25,559 [Worker-17: Launching PR1-02-Prova-ClosestBinarySearch-environment (1)] INFO  o.e.m.i.launch.MavenLaunchDelegate - /home/joaocfb/Downloads/reposicao1/PR1-02-Prova-ClosestBinarySearch-environment
2018-12-06 14:47:25,560 [Worker-17: Launching PR1-02-Prova-ClosestBinarySearch-environment (1)] INFO  o.e.m.i.launch.MavenLaunchDelegate -  mvn -B -Dmaven.test.skip=true -DskipTests install
2018-12-06 14:47:25,561 [Worker-17: Launching PR1-02-Prova-ClosestBinarySearch-environment (1)] WARN  o.e.m.i.l.MavenLaunchExtensionsSupport - Unknown or unsupported source locator org.eclipse.jdt.internal.launching.sourcelookup.advanced.AdvancedSourceLookupDirector
2018-12-06 14:48:34,728 [main] INFO  o.e.m2e.actions.ExecutePomAction - Creating new launch configuration
2018-12-06 14:48:40,086 [Worker-6: Launching PR1-02-Prova-ClosestBinarySearch-environment (2)] INFO  o.e.m.i.launch.MavenLaunchDelegate - /home/joaocfb/Downloads/reposicao1/PR1-02-Prova-ClosestBinarySearch-environment
2018-12-06 14:48:40,087 [Worker-6: Launching PR1-02-Prova-ClosestBinarySearch-environment (2)] INFO  o.e.m.i.launch.MavenLaunchDelegate -  mvn -B -Dmaven.test.skip=true -DskipTests install
