<?xml version="1.0" encoding="UTF-8" standalone="no"?>
<!DOCTYPE log SYSTEM "logger.dtd">
<log>
<record>
  <date>2018-09-17T16:16:32.854-0300</date>
  <logger>JOAO CARLOS FERNANDES BERNARDO</logger>
  <level>FINE</level>
  <message>File 117211398-JOAO CARLOS FERNANDES BERNARDO.zip was received. It was sent by JOAO CARLOS FERNANDES BERNARDO from IP 150.165.42.135</message>
</record>
</log>
<?xml version="1.0" encoding="UTF-8" standalone="no"?>
<!DOCTYPE log SYSTEM "logger.dtd">
<log>
<record>
  <date>2018-09-17T17:23:06.500-0300</date>
  <logger>JOAO CARLOS FERNANDES BERNARDO</logger>
  <level>FINE</level>
  <message>File 117211398-JOAO CARLOS FERNANDES BERNARDO.zip was received. It was sent by JOAO CARLOS FERNANDES BERNARDO from IP 150.165.42.135</message>
</record>
</log>
<?xml version="1.0" encoding="UTF-8" standalone="no"?>
<!DOCTYPE log SYSTEM "logger.dtd">
<log>
<record>
  <date>2018-09-17T20:52:36.606-0300</date>
  <logger>JOAO CARLOS FERNANDES BERNARDO</logger>
  <level>FINE</level>
  <message>File 117211398-JOAO CARLOS FERNANDES BERNARDO.zip was received. It was sent by JOAO CARLOS FERNANDES BERNARDO from IP 192.168.25.16</message>
</record>
</log>
<?xml version="1.0" encoding="UTF-8" standalone="no"?>
<!DOCTYPE log SYSTEM "logger.dtd">
<log>
<record>
  <date>2018-09-17T21:06:45.855-0300</date>
  <logger>JOAO CARLOS FERNANDES BERNARDO</logger>
  <level>FINE</level>
  <message>File 117211398-JOAO CARLOS FERNANDES BERNARDO.zip was received. It was sent by JOAO CARLOS FERNANDES BERNARDO from IP 192.168.25.16</message>
</record>
